<?xml version="1.0" encoding="UTF-8"?>
<!-- Generated by org.testng.reporters.JUnitReportReporter -->
<testsuite hostname="6033d79926ba581" failures="0" tests="1" name="ustbatchno3.TestNG.ConstructionTest" time="0.021" errors="0" timestamp="2023-03-13T15:27:34 IST" skipped="0">
  <testcase classname="ustbatchno3.TestNG.ConstructionTest" name="Construction" time="0.021"/>
  <system-out/>
</testsuite> <!-- ustbatchno3.TestNG.ConstructionTest -->
