<?xml version="1.0" encoding="UTF-8"?>
<!-- Generated by org.testng.reporters.JUnitReportReporter -->
<testsuite hostname="6033d79926ba581" failures="0" tests="1" name="ustbatchno3.TestNG.Testapp" time="0.017" errors="0" timestamp="2023-03-13T12:41:42 IST" skipped="0">
  <testcase classname="ustbatchno3.TestNG.Testapp" name="testforEmployee" time="0.017"/>
  <system-out/>
</testsuite> <!-- ustbatchno3.TestNG.Testapp -->
